<?xml version="1.0" encoding="UTF-8"?>
<testsuite xmlns:xsi="http://www.w3.org/2001/XMLSchema-instance" xsi:noNamespaceSchemaLocation="https://maven.apache.org/surefire/maven-surefire-plugin/xsd/surefire-test-report.xsd" name="com.twelvemonkeys.image.ResampleOpTest" time="0.747" tests="44" errors="0" skipped="1" failures="0">
  <properties>
[...]
</properties>
  <testcase name="testCreateImage" classname="com.twelvemonkeys.image.ResampleOpTest" time="0.023"/>
  <testcase name="testResample20x20Gaussian" classname="com.twelvemonkeys.image.ResampleOpTest" time="0.025"/>
  <testcase name="testResample20x20Sinc" classname="com.twelvemonkeys.image.ResampleOpTest" time="0.003"/>
  <testcase name="testResample200x160Point" classname="com.twelvemonkeys.image.ResampleOpTest" time="0.004"/>
  <testcase name="testResample200x160Box" classname="com.twelvemonkeys.image.ResampleOpTest" time="0.018"/>
  <testcase name="testResample200x160Triangle" classname="com.twelvemonkeys.image.ResampleOpTest" time="0.002"/>
  <testcase name="testResample200x160Lanczos" classname="com.twelvemonkeys.image.ResampleOpTest" time="0.035"/>
  <testcase name="testResample200x160Gaussian" classname="com.twelvemonkeys.image.ResampleOpTest" time="0.013"/>
  <testcase name="testResample200x160Sinc" classname="com.twelvemonkeys.image.ResampleOpTest" time="0.002"/>
  <testcase name="testResamplePoint" classname="com.twelvemonkeys.image.ResampleOpTest" time="0.011"/>
  <testcase name="testResampleTriangle" classname="com.twelvemonkeys.image.ResampleOpTest" time="0.009"/>
  <testcase name="testResampleLanczos" classname="com.twelvemonkeys.image.ResampleOpTest" time="0.067"/>
  <testcase name="testAIOOBEHeight" classname="com.twelvemonkeys.image.ResampleOpTest" time="0.281"/>
  <testcase name="testAIOOBEWidth" classname="com.twelvemonkeys.image.ResampleOpTest" time="0.171"/>
  <testcase name="testTime" classname="com.twelvemonkeys.image.ResampleOpTest" time="0">
    <skipped message="Not for general unit testing"/>
  </testcase>
  <testcase name="testResample1x1Point" classname="com.twelvemonkeys.image.ResampleOpTest" time="0.001"/>
  <testcase name="testResample1x1Box" classname="com.twelvemonkeys.image.ResampleOpTest" time="0.001"/>
  <testcase name="testResample1x1Triangle" classname="com.twelvemonkeys.image.ResampleOpTest" time="0.001"/>
  <testcase name="testResample1x1Lanczos" classname="com.twelvemonkeys.image.ResampleOpTest" time="0.001"/>
  <testcase name="testResample1x1Gaussian" classname="com.twelvemonkeys.image.ResampleOpTest" time="0"/>
  <testcase name="testResample1x1Sinc" classname="com.twelvemonkeys.image.ResampleOpTest" time="0"/>
  <testcase name="testResample2x2Point" classname="com.twelvemonkeys.image.ResampleOpTest" time="0"/>
  <testcase name="testResample2x2Box" classname="com.twelvemonkeys.image.ResampleOpTest" time="0.001"/>
  <testcase name="testResample2x2Triangle" classname="com.twelvemonkeys.image.ResampleOpTest" time="0.001"/>
  <testcase name="testResampleBox" classname="com.twelvemonkeys.image.ResampleOpTest" time="0.016"/>
  <testcase name="testResample2x2Lanczos" classname="com.twelvemonkeys.image.ResampleOpTest" time="0.001"/>
  <testcase name="testResample2x2Gaussian" classname="com.twelvemonkeys.image.ResampleOpTest" time="0.002"/>
  <testcase name="testResample2x2Sinc" classname="com.twelvemonkeys.image.ResampleOpTest" time="0"/>
  <testcase name="testResample3x3Point" classname="com.twelvemonkeys.image.ResampleOpTest" time="0"/>
  <testcase name="testResample3x3Box" classname="com.twelvemonkeys.image.ResampleOpTest" time="0.002"/>
  <testcase name="testResample3x3Triangle" classname="com.twelvemonkeys.image.ResampleOpTest" time="0"/>
  <testcase name="testResample3x3Lanczos" classname="com.twelvemonkeys.image.ResampleOpTest" time="0"/>
  <testcase name="testResample3x3Gaussian" classname="com.twelvemonkeys.image.ResampleOpTest" time="0.002"/>
  <testcase name="testResample3x3Sinc" classname="com.twelvemonkeys.image.ResampleOpTest" time="0"/>
  <testcase name="testResample4x4Point" classname="com.twelvemonkeys.image.ResampleOpTest" time="0"/>
  <testcase name="testResample4x4Box" classname="com.twelvemonkeys.image.ResampleOpTest" time="0"/>
  <testcase name="testResample4x4Triangle" classname="com.twelvemonkeys.image.ResampleOpTest" time="0.001"/>
  <testcase name="testResample4x4Lanczos" classname="com.twelvemonkeys.image.ResampleOpTest" time="0.002"/>
  <testcase name="testResample4x4Gaussian" classname="com.twelvemonkeys.image.ResampleOpTest" time="0.002"/>
  <testcase name="testResample4x4Sinc" classname="com.twelvemonkeys.image.ResampleOpTest" time="0"/>
  <testcase name="testResample20x20Point" classname="com.twelvemonkeys.image.ResampleOpTest" time="0.001"/>
  <testcase name="testResample20x20Box" classname="com.twelvemonkeys.image.ResampleOpTest" time="0.002"/>
  <testcase name="testResample20x20Triangle" classname="com.twelvemonkeys.image.ResampleOpTest" time="0"/>
  <testcase name="testResample20x20Lanczos" classname="com.twelvemonkeys.image.ResampleOpTest" time="0.003"/>
</testsuite>