<?xml version="1.0" encoding="UTF-8"?>
<testsuite xmlns:xsi="http://www.w3.org/2001/XMLSchema-instance" xsi:noNamespaceSchemaLocation="https://maven.apache.org/surefire/maven-surefire-plugin/xsd/surefire-test-report.xsd" name="com.twelvemonkeys.io.enc.Base64EncoderTest" time="0.205" tests="14" errors="0" skipped="0" failures="0">
  <properties>
[...]
</properties>
  <testcase name="testEmptyEncode" classname="com.twelvemonkeys.io.enc.Base64EncoderTest" time="0"/>
  <testcase name="testShortEncode" classname="com.twelvemonkeys.io.enc.Base64EncoderTest" time="0"/>
  <testcase name="testLongEncode" classname="com.twelvemonkeys.io.enc.Base64EncoderTest" time="0"/>
  <testcase name="testStreams" classname="com.twelvemonkeys.io.enc.Base64EncoderTest" time="0.204"/>
  <testcase name="testNullEncode" classname="com.twelvemonkeys.io.enc.Base64EncoderTest" time="0"/>
  <testcase name="testToString" classname="com.twelvemonkeys.io.enc.Base64EncoderTest" time="0"/>
  <testcase name="testEqualsHashCode" classname="com.twelvemonkeys.io.enc.Base64EncoderTest" time="0"/>
  <testcase name="testEqualsNull" classname="com.twelvemonkeys.io.enc.Base64EncoderTest" time="0"/>
  <testcase name="testObjectEqualsSelf" classname="com.twelvemonkeys.io.enc.Base64EncoderTest" time="0"/>
  <testcase name="testObjectHashCodeEqualsSelfHashCode" classname="com.twelvemonkeys.io.enc.Base64EncoderTest" time="0.001"/>
  <testcase name="testObjectHashCodeEqualsContract" classname="com.twelvemonkeys.io.enc.Base64EncoderTest" time="0"/>
  <testcase name="testClone" classname="com.twelvemonkeys.io.enc.Base64EncoderTest" time="0"/>
  <testcase name="testSerializeDeserializeThenCompare" classname="com.twelvemonkeys.io.enc.Base64EncoderTest" time="0"/>
  <testcase name="testSimpleSerialization" classname="com.twelvemonkeys.io.enc.Base64EncoderTest" time="0"/>
</testsuite>